2022-01-16 19:41:24,111:INFO:PyCaret Supervised Module
2022-01-16 19:41:24,112:INFO:ML Usecase: classification
2022-01-16 19:41:24,112:INFO:version 2.3.6
2022-01-16 19:41:24,112:INFO:Initializing setup()
2022-01-16 19:41:24,112:INFO:setup(target=turnover, ml_usecase=classification, available_plots={'parameter': 'Hyperparameters', 'auc': 'AUC', 'confusion_matrix': 'Confusion Matrix', 'threshold': 'Threshold', 'pr': 'Precision Recall', 'error': 'Prediction Error', 'class_report': 'Class Report', 'rfe': 'Feature Selection', 'learning': 'Learning Curve', 'manifold': 'Manifold Learning', 'calibration': 'Calibration Curve', 'vc': 'Validation Curve', 'dimension': 'Dimensions', 'feature': 'Feature Importance', 'feature_all': 'Feature Importance (All)', 'boundary': 'Decision Boundary', 'lift': 'Lift Chart', 'gain': 'Gain Chart', 'tree': 'Decision Tree', 'ks': 'KS Statistic Plot'}, train_size=0.7, test_data=None, preprocess=True, imputation_type=simple, iterative_imputation_iters=5, categorical_features=None, categorical_imputation=constant, categorical_iterative_imputer=lightgbm, ordinal_features=None, high_cardinality_features=None, high_cardinality_method=frequency, numeric_features=['yearsAtCompany'], numeric_imputation=mean, numeric_iterative_imputer=lightgbm, date_features=None, ignore_features=None, normalize=True, normalize_method=minmax, transformation=False, transformation_method=yeo-johnson, handle_unknown_categorical=True, unknown_categorical_method=least_frequent, pca=False, pca_method=linear, pca_components=None, ignore_low_variance=False, combine_rare_levels=False, rare_level_threshold=0.1, bin_numeric_features=None, remove_outliers=False, outliers_threshold=0.05, remove_multicollinearity=False, multicollinearity_threshold=0.9, remove_perfect_collinearity=True, create_clusters=False, cluster_iter=20, polynomial_features=False, polynomial_degree=2, trigonometry_features=False, polynomial_threshold=0.1, group_features=None, group_names=None, feature_selection=False, feature_selection_threshold=0.8, feature_selection_method=classic, feature_interaction=False, feature_ratio=False, interaction_threshold=0.01, fix_imbalance=True, fix_imbalance_method=None, transform_target=False, transform_target_method=box-cox, data_split_shuffle=True, data_split_stratify=True, fold_strategy=stratifiedkfold, fold=10, fold_shuffle=False, fold_groups=None, n_jobs=-1, use_gpu=False, custom_pipeline=None, html=True, session_id=None, log_experiment=False, experiment_name=None, log_plots=False, log_profile=False, log_data=False, silent=False, verbose=True, profile=False, profile_kwargs=None, display=None)
2022-01-16 19:41:24,113:INFO:Checking environment
2022-01-16 19:41:24,113:INFO:python_version: 3.8.5
2022-01-16 19:41:24,113:INFO:python_build: ('default', 'Sep  3 2020 21:29:08')
2022-01-16 19:41:24,113:INFO:machine: AMD64
2022-01-16 19:41:24,114:INFO:platform: Windows-10-10.0.19041-SP0
2022-01-16 19:41:24,114:INFO:Memory: svmem(total=8447885312, available=1707528192, percent=79.8, used=6740357120, free=1707528192)
2022-01-16 19:41:24,114:INFO:Physical Core: 4
2022-01-16 19:41:24,114:INFO:Logical Core: 8
2022-01-16 19:41:24,114:INFO:Checking libraries
2022-01-16 19:41:24,114:INFO:pd==1.1.3
2022-01-16 19:41:24,114:INFO:numpy==1.20.1
2022-01-16 19:41:24,114:INFO:sklearn==0.23.2
2022-01-16 19:41:24,115:INFO:lightgbm==3.3.2
2022-01-16 19:41:24,116:WARNING:catboost not found
2022-01-16 19:41:24,117:WARNING:xgboost not found
2022-01-16 19:41:26,765:INFO:mlflow==1.22.0
2022-01-16 19:41:26,766:INFO:Checking Exceptions
2022-01-16 19:41:26,777:INFO:Declaring global variables
2022-01-16 19:41:26,777:INFO:USI: 3f8f
2022-01-16 19:41:26,778:INFO:pycaret_globals: {'pycaret_globals', 'fix_imbalance_param', 'logging_param', 'X', '_ml_usecase', '_gpu_n_jobs_param', 'log_plots_param', 'fold_generator', 'stratify_param', 'fold_groups_param', 'create_model_container', 'experiment__', '_all_metrics', 'fold_groups_param_full', 'X_test', 'USI', 'prep_pipe', 'gpu_param', 'transform_target_method_param', 'fix_imbalance_method_param', 'y_train', 'n_jobs_param', 'display_container', 'fold_shuffle_param', 'imputation_regressor', '_all_models_internal', 'transform_target_param', 'target_param', 'y', '_all_models', 'exp_name_log', 'X_train', 'fold_param', 'y_test', 'seed', 'iterative_imputation_iters_param', 'imputation_classifier', 'html_param', '_internal_pipeline', 'master_model_container', '_available_plots', 'data_before_preprocess'}
2022-01-16 19:41:26,778:INFO:Preparing display monitor
2022-01-16 19:41:26,778:INFO:Preparing display monitor
2022-01-16 19:41:26,817:INFO:Importing libraries
2022-01-16 19:41:26,817:INFO:Copying data for preprocessing
2022-01-16 19:41:26,830:INFO:Declaring preprocessing parameters
2022-01-16 19:41:26,832:INFO:Creating preprocessing pipeline
2022-01-16 19:41:26,844:INFO:Preprocessing pipeline created successfully
2022-01-16 19:41:26,844:ERROR:(Process Exit): setup has been interupted with user command 'quit'. setup must rerun.
2022-01-16 19:41:26,844:INFO:Creating global containers
2022-01-16 19:41:26,845:INFO:Internal pipeline: Pipeline(memory=None,
         steps=[('fix_imbalance',
                 SMOTE(k_neighbors=5, n_jobs=None, random_state=2018,
                       sampling_strategy='auto'))],
         verbose=False)
2022-01-16 20:00:43,911:INFO:PyCaret Supervised Module
2022-01-16 20:00:43,912:INFO:ML Usecase: classification
2022-01-16 20:00:43,912:INFO:version 2.3.6
2022-01-16 20:00:43,912:INFO:Initializing setup()
2022-01-16 20:00:43,912:INFO:setup(target=turnover, ml_usecase=classification, available_plots={'parameter': 'Hyperparameters', 'auc': 'AUC', 'confusion_matrix': 'Confusion Matrix', 'threshold': 'Threshold', 'pr': 'Precision Recall', 'error': 'Prediction Error', 'class_report': 'Class Report', 'rfe': 'Feature Selection', 'learning': 'Learning Curve', 'manifold': 'Manifold Learning', 'calibration': 'Calibration Curve', 'vc': 'Validation Curve', 'dimension': 'Dimensions', 'feature': 'Feature Importance', 'feature_all': 'Feature Importance (All)', 'boundary': 'Decision Boundary', 'lift': 'Lift Chart', 'gain': 'Gain Chart', 'tree': 'Decision Tree', 'ks': 'KS Statistic Plot'}, train_size=0.7, test_data=None, preprocess=True, imputation_type=simple, iterative_imputation_iters=5, categorical_features=None, categorical_imputation=constant, categorical_iterative_imputer=lightgbm, ordinal_features=None, high_cardinality_features=None, high_cardinality_method=frequency, numeric_features=['yearsAtCompany'], numeric_imputation=mean, numeric_iterative_imputer=lightgbm, date_features=None, ignore_features=None, normalize=True, normalize_method=minmax, transformation=False, transformation_method=yeo-johnson, handle_unknown_categorical=True, unknown_categorical_method=least_frequent, pca=False, pca_method=linear, pca_components=None, ignore_low_variance=False, combine_rare_levels=False, rare_level_threshold=0.1, bin_numeric_features=None, remove_outliers=False, outliers_threshold=0.05, remove_multicollinearity=False, multicollinearity_threshold=0.9, remove_perfect_collinearity=True, create_clusters=False, cluster_iter=20, polynomial_features=False, polynomial_degree=2, trigonometry_features=False, polynomial_threshold=0.1, group_features=None, group_names=None, feature_selection=False, feature_selection_threshold=0.8, feature_selection_method=classic, feature_interaction=False, feature_ratio=False, interaction_threshold=0.01, fix_imbalance=True, fix_imbalance_method=None, transform_target=False, transform_target_method=box-cox, data_split_shuffle=True, data_split_stratify=True, fold_strategy=stratifiedkfold, fold=10, fold_shuffle=False, fold_groups=None, n_jobs=-1, use_gpu=False, custom_pipeline=None, html=True, session_id=None, log_experiment=False, experiment_name=None, log_plots=False, log_profile=False, log_data=False, silent=False, verbose=True, profile=False, profile_kwargs=None, display=None)
2022-01-16 20:00:43,912:INFO:Checking environment
2022-01-16 20:00:43,912:INFO:python_version: 3.8.5
2022-01-16 20:00:43,913:INFO:python_build: ('default', 'Sep  3 2020 21:29:08')
2022-01-16 20:00:43,913:INFO:machine: AMD64
2022-01-16 20:00:43,913:INFO:platform: Windows-10-10.0.19041-SP0
2022-01-16 20:00:43,913:INFO:Memory: svmem(total=8447885312, available=1771130880, percent=79.0, used=6676754432, free=1771130880)
2022-01-16 20:00:43,913:INFO:Physical Core: 4
2022-01-16 20:00:43,913:INFO:Logical Core: 8
2022-01-16 20:00:43,913:INFO:Checking libraries
2022-01-16 20:00:43,913:INFO:pd==1.1.3
2022-01-16 20:00:43,914:INFO:numpy==1.20.1
2022-01-16 20:00:43,914:INFO:sklearn==0.23.2
2022-01-16 20:00:43,914:INFO:lightgbm==3.3.2
2022-01-16 20:00:43,915:WARNING:catboost not found
2022-01-16 20:00:43,916:WARNING:xgboost not found
2022-01-16 20:00:43,916:INFO:mlflow==1.22.0
2022-01-16 20:00:43,916:INFO:Checking Exceptions
2022-01-16 20:00:43,916:INFO:Declaring global variables
2022-01-16 20:00:43,916:INFO:USI: ce3a
2022-01-16 20:00:43,916:INFO:pycaret_globals: {'pycaret_globals', 'fix_imbalance_param', 'logging_param', 'X', '_ml_usecase', '_gpu_n_jobs_param', 'log_plots_param', 'fold_generator', 'stratify_param', 'fold_groups_param', 'create_model_container', 'experiment__', '_all_metrics', 'fold_groups_param_full', 'X_test', 'USI', 'prep_pipe', 'gpu_param', 'transform_target_method_param', 'fix_imbalance_method_param', 'y_train', 'n_jobs_param', 'display_container', 'fold_shuffle_param', 'imputation_regressor', '_all_models_internal', 'transform_target_param', 'target_param', 'y', '_all_models', 'exp_name_log', 'X_train', 'fold_param', 'y_test', 'seed', 'iterative_imputation_iters_param', 'imputation_classifier', 'html_param', '_internal_pipeline', 'master_model_container', '_available_plots', 'data_before_preprocess'}
2022-01-16 20:00:43,916:INFO:Preparing display monitor
2022-01-16 20:00:43,917:INFO:Preparing display monitor
2022-01-16 20:00:43,928:INFO:Importing libraries
2022-01-16 20:00:43,928:INFO:Copying data for preprocessing
2022-01-16 20:00:43,936:INFO:Declaring preprocessing parameters
2022-01-16 20:00:43,938:INFO:Creating preprocessing pipeline
2022-01-16 20:00:43,944:INFO:Preprocessing pipeline created successfully
2022-01-16 20:00:43,944:ERROR:(Process Exit): setup has been interupted with user command 'quit'. setup must rerun.
2022-01-16 20:00:43,944:INFO:Creating global containers
2022-01-16 20:00:43,945:INFO:Internal pipeline: Pipeline(memory=None,
         steps=[('fix_imbalance',
                 SMOTE(k_neighbors=5, n_jobs=None, random_state=7257,
                       sampling_strategy='auto'))],
         verbose=False)
2022-01-16 20:01:01,228:WARNING:Couldn't import xgboost.XGBClassifier
2022-01-16 20:01:01,229:WARNING:Couldn't import catboost.CatBoostClassifier
2022-01-16 20:01:01,315:WARNING:Couldn't import xgboost.XGBClassifier
2022-01-16 20:01:01,316:WARNING:Couldn't import catboost.CatBoostClassifier
2022-01-16 20:01:01,316:INFO:Creating grid variables
2022-01-16 20:01:01,557:INFO:create_model_container: 0
2022-01-16 20:01:01,557:INFO:master_model_container: 0
2022-01-16 20:01:01,557:INFO:display_container: 1
2022-01-16 20:01:01,562:INFO:Pipeline(memory=None,
         steps=[('dtypes',
                 DataTypes_Auto_infer(categorical_features=[],
                                      display_types=True, features_todrop=[],
                                      id_columns=[],
                                      ml_usecase='classification',
                                      numerical_features=['yearsAtCompany'],
                                      target='turnover', time_features=[])),
                ('imputer',
                 Simple_Imputer(categorical_strategy='not_available',
                                fill_value_categorical=None,
                                fill_value_numerical=...
                ('P_transform', 'passthrough'), ('binn', 'passthrough'),
                ('rem_outliers', 'passthrough'), ('cluster_all', 'passthrough'),
                ('dummy', Dummify(target='turnover')),
                ('fix_perfect', Remove_100(target='turnover')),
                ('clean_names', Clean_Colum_Names()),
                ('feature_select', 'passthrough'), ('fix_multi', 'passthrough'),
                ('dfs', 'passthrough'), ('pca', 'passthrough')],
         verbose=False)
2022-01-16 20:01:01,562:INFO:setup() succesfully completed......................................
2022-01-16 20:01:30,958:INFO:Initializing compare_models()
2022-01-16 20:01:30,958:INFO:compare_models(include=None, fold=5, round=4, cross_validation=True, sort=AUC, n_select=1, budget_time=None, turbo=True, errors=ignore, fit_kwargs=None, groups=None, probability_threshold=None, verbose=True, display=None, exclude=None)
2022-01-16 20:01:30,958:INFO:Checking exceptions
2022-01-16 20:01:30,960:INFO:Preparing display monitor
2022-01-16 20:01:30,961:INFO:Preparing display monitor
2022-01-16 20:01:31,090:INFO:Initializing Logistic Regression
2022-01-16 20:01:31,090:INFO:Total runtime is 0.0 minutes
2022-01-16 20:01:31,105:INFO:SubProcess create_model() called ==================================
2022-01-16 20:01:31,106:INFO:Initializing create_model()
2022-01-16 20:01:31,106:INFO:create_model(estimator=lr, fold=StratifiedKFold(n_splits=5, random_state=None, shuffle=False), round=4, cross_validation=True, predict=True, fit_kwargs={}, groups=None, refit=False, verbose=False, system=False, metrics=None, add_to_model_list=True, probability_threshold=None, display=<pycaret.internal.Display.Display object at 0x0000020A3AF0E7C0>, kwargs={})
2022-01-16 20:01:31,106:INFO:Checking exceptions
2022-01-16 20:01:31,106:INFO:Importing libraries
2022-01-16 20:01:31,106:INFO:Copying training dataset
2022-01-16 20:01:31,107:INFO:Defining folds
2022-01-16 20:01:31,108:INFO:Declaring metric variables
2022-01-16 20:01:31,121:INFO:Importing untrained model
2022-01-16 20:01:31,134:INFO:Logistic Regression Imported succesfully
2022-01-16 20:01:31,159:INFO:Starting cross validation
2022-01-16 20:01:31,160:INFO:Cross validating with StratifiedKFold(n_splits=5, random_state=None, shuffle=False), n_jobs=-1
2022-01-16 20:02:26,752:INFO:Calculating mean and std
2022-01-16 20:02:26,755:INFO:Creating metrics dataframe
2022-01-16 20:02:26,765:INFO:Uploading results into container
2022-01-16 20:02:26,765:INFO:Uploading model into container now
2022-01-16 20:02:26,766:INFO:create_model_container: 1
2022-01-16 20:02:26,766:INFO:master_model_container: 1
2022-01-16 20:02:26,766:INFO:display_container: 2
2022-01-16 20:02:26,767:INFO:LogisticRegression(C=1.0, class_weight=None, dual=False, fit_intercept=True,
                   intercept_scaling=1, l1_ratio=None, max_iter=1000,
                   multi_class='auto', n_jobs=None, penalty='l2',
                   random_state=7257, solver='lbfgs', tol=0.0001, verbose=0,
                   warm_start=False)
2022-01-16 20:02:26,767:INFO:create_model() succesfully completed......................................
2022-01-16 20:02:26,878:INFO:SubProcess create_model() end ==================================
2022-01-16 20:02:26,879:INFO:Creating metrics dataframe
2022-01-16 20:02:26,894:INFO:Initializing K Neighbors Classifier
2022-01-16 20:02:26,894:INFO:Total runtime is 0.9300677259763082 minutes
2022-01-16 20:02:26,903:INFO:SubProcess create_model() called ==================================
2022-01-16 20:02:26,903:INFO:Initializing create_model()
2022-01-16 20:02:26,903:INFO:create_model(estimator=knn, fold=StratifiedKFold(n_splits=5, random_state=None, shuffle=False), round=4, cross_validation=True, predict=True, fit_kwargs={}, groups=None, refit=False, verbose=False, system=False, metrics=None, add_to_model_list=True, probability_threshold=None, display=<pycaret.internal.Display.Display object at 0x0000020A3AF0E7C0>, kwargs={})
2022-01-16 20:02:26,903:INFO:Checking exceptions
2022-01-16 20:02:26,903:INFO:Importing libraries
2022-01-16 20:02:26,903:INFO:Copying training dataset
2022-01-16 20:02:26,904:INFO:Defining folds
2022-01-16 20:02:26,904:INFO:Declaring metric variables
2022-01-16 20:02:26,913:INFO:Importing untrained model
2022-01-16 20:02:26,922:INFO:K Neighbors Classifier Imported succesfully
2022-01-16 20:02:26,943:INFO:Starting cross validation
2022-01-16 20:02:26,944:INFO:Cross validating with StratifiedKFold(n_splits=5, random_state=None, shuffle=False), n_jobs=-1
2022-01-16 20:02:29,932:INFO:Calculating mean and std
2022-01-16 20:02:29,933:INFO:Creating metrics dataframe
2022-01-16 20:02:29,938:INFO:Uploading results into container
2022-01-16 20:02:29,938:INFO:Uploading model into container now
2022-01-16 20:02:29,939:INFO:create_model_container: 2
2022-01-16 20:02:29,939:INFO:master_model_container: 2
2022-01-16 20:02:29,939:INFO:display_container: 2
2022-01-16 20:02:29,939:INFO:KNeighborsClassifier(algorithm='auto', leaf_size=30, metric='minkowski',
                     metric_params=None, n_jobs=-1, n_neighbors=5, p=2,
                     weights='uniform')
2022-01-16 20:02:29,939:INFO:create_model() succesfully completed......................................
2022-01-16 20:02:30,013:INFO:SubProcess create_model() end ==================================
2022-01-16 20:02:30,013:INFO:Creating metrics dataframe
2022-01-16 20:02:30,030:INFO:Initializing Naive Bayes
2022-01-16 20:02:30,030:INFO:Total runtime is 0.9823344071706136 minutes
2022-01-16 20:02:30,039:INFO:SubProcess create_model() called ==================================
2022-01-16 20:02:30,040:INFO:Initializing create_model()
2022-01-16 20:02:30,040:INFO:create_model(estimator=nb, fold=StratifiedKFold(n_splits=5, random_state=None, shuffle=False), round=4, cross_validation=True, predict=True, fit_kwargs={}, groups=None, refit=False, verbose=False, system=False, metrics=None, add_to_model_list=True, probability_threshold=None, display=<pycaret.internal.Display.Display object at 0x0000020A3AF0E7C0>, kwargs={})
2022-01-16 20:02:30,040:INFO:Checking exceptions
2022-01-16 20:02:30,040:INFO:Importing libraries
2022-01-16 20:02:30,040:INFO:Copying training dataset
2022-01-16 20:02:30,041:INFO:Defining folds
2022-01-16 20:02:30,041:INFO:Declaring metric variables
2022-01-16 20:02:30,050:INFO:Importing untrained model
2022-01-16 20:02:30,058:INFO:Naive Bayes Imported succesfully
2022-01-16 20:02:30,077:INFO:Starting cross validation
2022-01-16 20:02:30,078:INFO:Cross validating with StratifiedKFold(n_splits=5, random_state=None, shuffle=False), n_jobs=-1
2022-01-16 20:02:30,151:INFO:Calculating mean and std
2022-01-16 20:02:30,152:INFO:Creating metrics dataframe
2022-01-16 20:02:30,158:INFO:Uploading results into container
2022-01-16 20:02:30,158:INFO:Uploading model into container now
2022-01-16 20:02:30,158:INFO:create_model_container: 3
2022-01-16 20:02:30,158:INFO:master_model_container: 3
2022-01-16 20:02:30,158:INFO:display_container: 2
2022-01-16 20:02:30,158:INFO:GaussianNB(priors=None, var_smoothing=1e-09)
2022-01-16 20:02:30,158:INFO:create_model() succesfully completed......................................
2022-01-16 20:02:30,231:INFO:SubProcess create_model() end ==================================
2022-01-16 20:02:30,231:INFO:Creating metrics dataframe
2022-01-16 20:02:30,252:INFO:Initializing Decision Tree Classifier
2022-01-16 20:02:30,252:INFO:Total runtime is 0.9860344171524048 minutes
2022-01-16 20:02:30,263:INFO:SubProcess create_model() called ==================================
2022-01-16 20:02:30,263:INFO:Initializing create_model()
2022-01-16 20:02:30,263:INFO:create_model(estimator=dt, fold=StratifiedKFold(n_splits=5, random_state=None, shuffle=False), round=4, cross_validation=True, predict=True, fit_kwargs={}, groups=None, refit=False, verbose=False, system=False, metrics=None, add_to_model_list=True, probability_threshold=None, display=<pycaret.internal.Display.Display object at 0x0000020A3AF0E7C0>, kwargs={})
2022-01-16 20:02:30,263:INFO:Checking exceptions
2022-01-16 20:02:30,263:INFO:Importing libraries
2022-01-16 20:02:30,263:INFO:Copying training dataset
2022-01-16 20:02:30,265:INFO:Defining folds
2022-01-16 20:02:30,265:INFO:Declaring metric variables
2022-01-16 20:02:30,273:INFO:Importing untrained model
2022-01-16 20:02:30,283:INFO:Decision Tree Classifier Imported succesfully
2022-01-16 20:02:30,305:INFO:Starting cross validation
2022-01-16 20:02:30,306:INFO:Cross validating with StratifiedKFold(n_splits=5, random_state=None, shuffle=False), n_jobs=-1
2022-01-16 20:02:30,431:INFO:Calculating mean and std
2022-01-16 20:02:30,432:INFO:Creating metrics dataframe
2022-01-16 20:02:30,437:INFO:Uploading results into container
2022-01-16 20:02:30,437:INFO:Uploading model into container now
2022-01-16 20:02:30,437:INFO:create_model_container: 4
2022-01-16 20:02:30,438:INFO:master_model_container: 4
2022-01-16 20:02:30,438:INFO:display_container: 2
2022-01-16 20:02:30,439:INFO:DecisionTreeClassifier(ccp_alpha=0.0, class_weight=None, criterion='gini',
                       max_depth=None, max_features=None, max_leaf_nodes=None,
                       min_impurity_decrease=0.0, min_impurity_split=None,
                       min_samples_leaf=1, min_samples_split=2,
                       min_weight_fraction_leaf=0.0, presort='deprecated',
                       random_state=7257, splitter='best')
2022-01-16 20:02:30,439:INFO:create_model() succesfully completed......................................
2022-01-16 20:02:30,518:INFO:SubProcess create_model() end ==================================
2022-01-16 20:02:30,518:INFO:Creating metrics dataframe
2022-01-16 20:02:30,536:INFO:Initializing SVM - Linear Kernel
2022-01-16 20:02:30,536:INFO:Total runtime is 0.9907677372296652 minutes
2022-01-16 20:02:30,546:INFO:SubProcess create_model() called ==================================
2022-01-16 20:02:30,547:INFO:Initializing create_model()
2022-01-16 20:02:30,547:INFO:create_model(estimator=svm, fold=StratifiedKFold(n_splits=5, random_state=None, shuffle=False), round=4, cross_validation=True, predict=True, fit_kwargs={}, groups=None, refit=False, verbose=False, system=False, metrics=None, add_to_model_list=True, probability_threshold=None, display=<pycaret.internal.Display.Display object at 0x0000020A3AF0E7C0>, kwargs={})
2022-01-16 20:02:30,547:INFO:Checking exceptions
2022-01-16 20:02:30,547:INFO:Importing libraries
2022-01-16 20:02:30,547:INFO:Copying training dataset
2022-01-16 20:02:30,548:INFO:Defining folds
2022-01-16 20:02:30,548:INFO:Declaring metric variables
2022-01-16 20:02:30,559:INFO:Importing untrained model
2022-01-16 20:02:30,570:INFO:SVM - Linear Kernel Imported succesfully
2022-01-16 20:02:30,590:INFO:Starting cross validation
2022-01-16 20:02:30,591:INFO:Cross validating with StratifiedKFold(n_splits=5, random_state=None, shuffle=False), n_jobs=-1
2022-01-16 20:02:31,248:INFO:Calculating mean and std
2022-01-16 20:02:31,249:INFO:Creating metrics dataframe
2022-01-16 20:02:31,254:INFO:Uploading results into container
2022-01-16 20:02:31,255:INFO:Uploading model into container now
2022-01-16 20:02:31,255:INFO:create_model_container: 5
2022-01-16 20:02:31,255:INFO:master_model_container: 5
2022-01-16 20:02:31,255:INFO:display_container: 2
2022-01-16 20:02:31,256:INFO:SGDClassifier(alpha=0.0001, average=False, class_weight=None,
              early_stopping=False, epsilon=0.1, eta0=0.001, fit_intercept=True,
              l1_ratio=0.15, learning_rate='optimal', loss='hinge',
              max_iter=1000, n_iter_no_change=5, n_jobs=-1, penalty='l2',
              power_t=0.5, random_state=7257, shuffle=True, tol=0.001,
              validation_fraction=0.1, verbose=0, warm_start=False)
2022-01-16 20:02:31,256:INFO:create_model() succesfully completed......................................
2022-01-16 20:02:31,332:INFO:SubProcess create_model() end ==================================
2022-01-16 20:02:31,332:INFO:Creating metrics dataframe
2022-01-16 20:02:31,351:INFO:Initializing Ridge Classifier
2022-01-16 20:02:31,351:INFO:Total runtime is 1.0043487866719565 minutes
2022-01-16 20:02:31,360:INFO:SubProcess create_model() called ==================================
2022-01-16 20:02:31,361:INFO:Initializing create_model()
2022-01-16 20:02:31,361:INFO:create_model(estimator=ridge, fold=StratifiedKFold(n_splits=5, random_state=None, shuffle=False), round=4, cross_validation=True, predict=True, fit_kwargs={}, groups=None, refit=False, verbose=False, system=False, metrics=None, add_to_model_list=True, probability_threshold=None, display=<pycaret.internal.Display.Display object at 0x0000020A3AF0E7C0>, kwargs={})
2022-01-16 20:02:31,361:INFO:Checking exceptions
2022-01-16 20:02:31,361:INFO:Importing libraries
2022-01-16 20:02:31,362:INFO:Copying training dataset
2022-01-16 20:02:31,362:INFO:Defining folds
2022-01-16 20:02:31,363:INFO:Declaring metric variables
2022-01-16 20:02:31,372:INFO:Importing untrained model
2022-01-16 20:02:31,381:INFO:Ridge Classifier Imported succesfully
2022-01-16 20:02:31,407:INFO:Starting cross validation
2022-01-16 20:02:31,408:INFO:Cross validating with StratifiedKFold(n_splits=5, random_state=None, shuffle=False), n_jobs=-1
2022-01-16 20:02:34,085:INFO:Calculating mean and std
2022-01-16 20:02:34,086:INFO:Creating metrics dataframe
2022-01-16 20:02:34,090:INFO:Uploading results into container
2022-01-16 20:02:34,090:INFO:Uploading model into container now
2022-01-16 20:02:34,090:INFO:create_model_container: 6
2022-01-16 20:02:34,090:INFO:master_model_container: 6
2022-01-16 20:02:34,090:INFO:display_container: 2
2022-01-16 20:02:34,091:INFO:RidgeClassifier(alpha=1.0, class_weight=None, copy_X=True, fit_intercept=True,
                max_iter=None, normalize=False, random_state=7257,
                solver='auto', tol=0.001)
2022-01-16 20:02:34,091:INFO:create_model() succesfully completed......................................
2022-01-16 20:02:34,154:INFO:SubProcess create_model() end ==================================
2022-01-16 20:02:34,154:INFO:Creating metrics dataframe
2022-01-16 20:02:34,180:INFO:Initializing Random Forest Classifier
2022-01-16 20:02:34,180:INFO:Total runtime is 1.05150975783666 minutes
2022-01-16 20:02:34,190:INFO:SubProcess create_model() called ==================================
2022-01-16 20:02:34,190:INFO:Initializing create_model()
2022-01-16 20:02:34,191:INFO:create_model(estimator=rf, fold=StratifiedKFold(n_splits=5, random_state=None, shuffle=False), round=4, cross_validation=True, predict=True, fit_kwargs={}, groups=None, refit=False, verbose=False, system=False, metrics=None, add_to_model_list=True, probability_threshold=None, display=<pycaret.internal.Display.Display object at 0x0000020A3AF0E7C0>, kwargs={})
2022-01-16 20:02:34,191:INFO:Checking exceptions
2022-01-16 20:02:34,191:INFO:Importing libraries
2022-01-16 20:02:34,191:INFO:Copying training dataset
2022-01-16 20:02:34,192:INFO:Defining folds
2022-01-16 20:02:34,192:INFO:Declaring metric variables
2022-01-16 20:02:34,203:INFO:Importing untrained model
2022-01-16 20:02:34,215:INFO:Random Forest Classifier Imported succesfully
2022-01-16 20:02:34,240:INFO:Starting cross validation
2022-01-16 20:02:34,241:INFO:Cross validating with StratifiedKFold(n_splits=5, random_state=None, shuffle=False), n_jobs=-1
2022-01-16 20:02:36,138:INFO:Calculating mean and std
2022-01-16 20:02:36,139:INFO:Creating metrics dataframe
2022-01-16 20:02:36,143:INFO:Uploading results into container
2022-01-16 20:02:36,144:INFO:Uploading model into container now
2022-01-16 20:02:36,144:INFO:create_model_container: 7
2022-01-16 20:02:36,144:INFO:master_model_container: 7
2022-01-16 20:02:36,144:INFO:display_container: 2
2022-01-16 20:02:36,145:INFO:RandomForestClassifier(bootstrap=True, ccp_alpha=0.0, class_weight=None,
                       criterion='gini', max_depth=None, max_features='auto',
                       max_leaf_nodes=None, max_samples=None,
                       min_impurity_decrease=0.0, min_impurity_split=None,
                       min_samples_leaf=1, min_samples_split=2,
                       min_weight_fraction_leaf=0.0, n_estimators=100,
                       n_jobs=-1, oob_score=False, random_state=7257, verbose=0,
                       warm_start=False)
2022-01-16 20:02:36,145:INFO:create_model() succesfully completed......................................
2022-01-16 20:02:36,218:INFO:SubProcess create_model() end ==================================
2022-01-16 20:02:36,218:INFO:Creating metrics dataframe
2022-01-16 20:02:36,239:INFO:Initializing Quadratic Discriminant Analysis
2022-01-16 20:02:36,239:INFO:Total runtime is 1.0858261704444887 minutes
2022-01-16 20:02:36,251:INFO:SubProcess create_model() called ==================================
2022-01-16 20:02:36,251:INFO:Initializing create_model()
2022-01-16 20:02:36,252:INFO:create_model(estimator=qda, fold=StratifiedKFold(n_splits=5, random_state=None, shuffle=False), round=4, cross_validation=True, predict=True, fit_kwargs={}, groups=None, refit=False, verbose=False, system=False, metrics=None, add_to_model_list=True, probability_threshold=None, display=<pycaret.internal.Display.Display object at 0x0000020A3AF0E7C0>, kwargs={})
2022-01-16 20:02:36,252:INFO:Checking exceptions
2022-01-16 20:02:36,252:INFO:Importing libraries
2022-01-16 20:02:36,252:INFO:Copying training dataset
2022-01-16 20:02:36,253:INFO:Defining folds
2022-01-16 20:02:36,253:INFO:Declaring metric variables
2022-01-16 20:02:36,266:INFO:Importing untrained model
2022-01-16 20:02:36,280:INFO:Quadratic Discriminant Analysis Imported succesfully
2022-01-16 20:02:36,301:INFO:Starting cross validation
2022-01-16 20:02:36,302:INFO:Cross validating with StratifiedKFold(n_splits=5, random_state=None, shuffle=False), n_jobs=-1
2022-01-16 20:02:38,067:INFO:Calculating mean and std
2022-01-16 20:02:38,068:INFO:Creating metrics dataframe
2022-01-16 20:02:38,072:INFO:Uploading results into container
2022-01-16 20:02:38,072:INFO:Uploading model into container now
2022-01-16 20:02:38,072:INFO:create_model_container: 8
2022-01-16 20:02:38,072:INFO:master_model_container: 8
2022-01-16 20:02:38,072:INFO:display_container: 2
2022-01-16 20:02:38,072:INFO:QuadraticDiscriminantAnalysis(priors=None, reg_param=0.0,
                              store_covariance=False, tol=0.0001)
2022-01-16 20:02:38,073:INFO:create_model() succesfully completed......................................
2022-01-16 20:02:38,140:INFO:SubProcess create_model() end ==================================
2022-01-16 20:02:38,140:INFO:Creating metrics dataframe
2022-01-16 20:02:38,161:INFO:Initializing Ada Boost Classifier
2022-01-16 20:02:38,161:INFO:Total runtime is 1.117849127451579 minutes
2022-01-16 20:02:38,170:INFO:SubProcess create_model() called ==================================
2022-01-16 20:02:38,171:INFO:Initializing create_model()
2022-01-16 20:02:38,171:INFO:create_model(estimator=ada, fold=StratifiedKFold(n_splits=5, random_state=None, shuffle=False), round=4, cross_validation=True, predict=True, fit_kwargs={}, groups=None, refit=False, verbose=False, system=False, metrics=None, add_to_model_list=True, probability_threshold=None, display=<pycaret.internal.Display.Display object at 0x0000020A3AF0E7C0>, kwargs={})
2022-01-16 20:02:38,171:INFO:Checking exceptions
2022-01-16 20:02:38,171:INFO:Importing libraries
2022-01-16 20:02:38,171:INFO:Copying training dataset
2022-01-16 20:02:38,172:INFO:Defining folds
2022-01-16 20:02:38,172:INFO:Declaring metric variables
2022-01-16 20:02:38,182:INFO:Importing untrained model
2022-01-16 20:02:38,191:INFO:Ada Boost Classifier Imported succesfully
2022-01-16 20:02:38,209:INFO:Starting cross validation
2022-01-16 20:02:38,210:INFO:Cross validating with StratifiedKFold(n_splits=5, random_state=None, shuffle=False), n_jobs=-1
2022-01-16 20:02:38,879:INFO:Calculating mean and std
2022-01-16 20:02:38,880:INFO:Creating metrics dataframe
2022-01-16 20:02:38,885:INFO:Uploading results into container
2022-01-16 20:02:38,885:INFO:Uploading model into container now
2022-01-16 20:02:38,885:INFO:create_model_container: 9
2022-01-16 20:02:38,885:INFO:master_model_container: 9
2022-01-16 20:02:38,885:INFO:display_container: 2
2022-01-16 20:02:38,886:INFO:AdaBoostClassifier(algorithm='SAMME.R', base_estimator=None, learning_rate=1.0,
                   n_estimators=50, random_state=7257)
2022-01-16 20:02:38,886:INFO:create_model() succesfully completed......................................
2022-01-16 20:02:38,950:INFO:SubProcess create_model() end ==================================
2022-01-16 20:02:38,951:INFO:Creating metrics dataframe
2022-01-16 20:02:38,970:INFO:Initializing Gradient Boosting Classifier
2022-01-16 20:02:38,970:INFO:Total runtime is 1.131332091490428 minutes
2022-01-16 20:02:38,979:INFO:SubProcess create_model() called ==================================
2022-01-16 20:02:38,980:INFO:Initializing create_model()
2022-01-16 20:02:38,980:INFO:create_model(estimator=gbc, fold=StratifiedKFold(n_splits=5, random_state=None, shuffle=False), round=4, cross_validation=True, predict=True, fit_kwargs={}, groups=None, refit=False, verbose=False, system=False, metrics=None, add_to_model_list=True, probability_threshold=None, display=<pycaret.internal.Display.Display object at 0x0000020A3AF0E7C0>, kwargs={})
2022-01-16 20:02:38,980:INFO:Checking exceptions
2022-01-16 20:02:38,980:INFO:Importing libraries
2022-01-16 20:02:38,980:INFO:Copying training dataset
2022-01-16 20:02:38,981:INFO:Defining folds
2022-01-16 20:02:38,981:INFO:Declaring metric variables
2022-01-16 20:02:38,989:INFO:Importing untrained model
2022-01-16 20:02:38,997:INFO:Gradient Boosting Classifier Imported succesfully
2022-01-16 20:02:39,015:INFO:Starting cross validation
2022-01-16 20:02:39,015:INFO:Cross validating with StratifiedKFold(n_splits=5, random_state=None, shuffle=False), n_jobs=-1
2022-01-16 20:02:40,432:INFO:Calculating mean and std
2022-01-16 20:02:40,433:INFO:Creating metrics dataframe
2022-01-16 20:02:40,437:INFO:Uploading results into container
2022-01-16 20:02:40,437:INFO:Uploading model into container now
2022-01-16 20:02:40,437:INFO:create_model_container: 10
2022-01-16 20:02:40,438:INFO:master_model_container: 10
2022-01-16 20:02:40,438:INFO:display_container: 2
2022-01-16 20:02:40,438:INFO:GradientBoostingClassifier(ccp_alpha=0.0, criterion='friedman_mse', init=None,
                           learning_rate=0.1, loss='deviance', max_depth=3,
                           max_features=None, max_leaf_nodes=None,
                           min_impurity_decrease=0.0, min_impurity_split=None,
                           min_samples_leaf=1, min_samples_split=2,
                           min_weight_fraction_leaf=0.0, n_estimators=100,
                           n_iter_no_change=None, presort='deprecated',
                           random_state=7257, subsample=1.0, tol=0.0001,
                           validation_fraction=0.1, verbose=0,
                           warm_start=False)
2022-01-16 20:02:40,438:INFO:create_model() succesfully completed......................................
2022-01-16 20:02:40,507:INFO:SubProcess create_model() end ==================================
2022-01-16 20:02:40,507:INFO:Creating metrics dataframe
2022-01-16 20:02:40,533:INFO:Initializing Linear Discriminant Analysis
2022-01-16 20:02:40,533:INFO:Total runtime is 1.1573932051658633 minutes
2022-01-16 20:02:40,542:INFO:SubProcess create_model() called ==================================
2022-01-16 20:02:40,542:INFO:Initializing create_model()
2022-01-16 20:02:40,543:INFO:create_model(estimator=lda, fold=StratifiedKFold(n_splits=5, random_state=None, shuffle=False), round=4, cross_validation=True, predict=True, fit_kwargs={}, groups=None, refit=False, verbose=False, system=False, metrics=None, add_to_model_list=True, probability_threshold=None, display=<pycaret.internal.Display.Display object at 0x0000020A3AF0E7C0>, kwargs={})
2022-01-16 20:02:40,543:INFO:Checking exceptions
2022-01-16 20:02:40,543:INFO:Importing libraries
2022-01-16 20:02:40,543:INFO:Copying training dataset
2022-01-16 20:02:40,544:INFO:Defining folds
2022-01-16 20:02:40,544:INFO:Declaring metric variables
2022-01-16 20:02:40,552:INFO:Importing untrained model
2022-01-16 20:02:40,562:INFO:Linear Discriminant Analysis Imported succesfully
2022-01-16 20:02:40,579:INFO:Starting cross validation
2022-01-16 20:02:40,580:INFO:Cross validating with StratifiedKFold(n_splits=5, random_state=None, shuffle=False), n_jobs=-1
2022-01-16 20:02:40,740:INFO:Calculating mean and std
2022-01-16 20:02:40,741:INFO:Creating metrics dataframe
2022-01-16 20:02:40,745:INFO:Uploading results into container
2022-01-16 20:02:40,745:INFO:Uploading model into container now
2022-01-16 20:02:40,745:INFO:create_model_container: 11
2022-01-16 20:02:40,746:INFO:master_model_container: 11
2022-01-16 20:02:40,746:INFO:display_container: 2
2022-01-16 20:02:40,746:INFO:LinearDiscriminantAnalysis(n_components=None, priors=None, shrinkage=None,
                           solver='svd', store_covariance=False, tol=0.0001)
2022-01-16 20:02:40,746:INFO:create_model() succesfully completed......................................
2022-01-16 20:02:40,810:INFO:SubProcess create_model() end ==================================
2022-01-16 20:02:40,810:INFO:Creating metrics dataframe
2022-01-16 20:02:40,831:INFO:Initializing Extra Trees Classifier
2022-01-16 20:02:40,831:INFO:Total runtime is 1.1623555024464929 minutes
2022-01-16 20:02:40,840:INFO:SubProcess create_model() called ==================================
2022-01-16 20:02:40,840:INFO:Initializing create_model()
2022-01-16 20:02:40,840:INFO:create_model(estimator=et, fold=StratifiedKFold(n_splits=5, random_state=None, shuffle=False), round=4, cross_validation=True, predict=True, fit_kwargs={}, groups=None, refit=False, verbose=False, system=False, metrics=None, add_to_model_list=True, probability_threshold=None, display=<pycaret.internal.Display.Display object at 0x0000020A3AF0E7C0>, kwargs={})
2022-01-16 20:02:40,841:INFO:Checking exceptions
2022-01-16 20:02:40,841:INFO:Importing libraries
2022-01-16 20:02:40,841:INFO:Copying training dataset
2022-01-16 20:02:40,842:INFO:Defining folds
2022-01-16 20:02:40,842:INFO:Declaring metric variables
2022-01-16 20:02:40,851:INFO:Importing untrained model
2022-01-16 20:02:40,860:INFO:Extra Trees Classifier Imported succesfully
2022-01-16 20:02:40,883:INFO:Starting cross validation
2022-01-16 20:02:40,884:INFO:Cross validating with StratifiedKFold(n_splits=5, random_state=None, shuffle=False), n_jobs=-1
2022-01-16 20:02:42,507:INFO:Calculating mean and std
2022-01-16 20:02:42,509:INFO:Creating metrics dataframe
2022-01-16 20:02:42,517:INFO:Uploading results into container
2022-01-16 20:02:42,517:INFO:Uploading model into container now
2022-01-16 20:02:42,517:INFO:create_model_container: 12
2022-01-16 20:02:42,518:INFO:master_model_container: 12
2022-01-16 20:02:42,518:INFO:display_container: 2
2022-01-16 20:02:42,518:INFO:ExtraTreesClassifier(bootstrap=False, ccp_alpha=0.0, class_weight=None,
                     criterion='gini', max_depth=None, max_features='auto',
                     max_leaf_nodes=None, max_samples=None,
                     min_impurity_decrease=0.0, min_impurity_split=None,
                     min_samples_leaf=1, min_samples_split=2,
                     min_weight_fraction_leaf=0.0, n_estimators=100, n_jobs=-1,
                     oob_score=False, random_state=7257, verbose=0,
                     warm_start=False)
2022-01-16 20:02:42,518:INFO:create_model() succesfully completed......................................
2022-01-16 20:02:42,613:INFO:SubProcess create_model() end ==================================
2022-01-16 20:02:42,613:INFO:Creating metrics dataframe
2022-01-16 20:02:42,654:INFO:Initializing Light Gradient Boosting Machine
2022-01-16 20:02:42,654:INFO:Total runtime is 1.1927310109138491 minutes
2022-01-16 20:02:42,664:INFO:SubProcess create_model() called ==================================
2022-01-16 20:02:42,664:INFO:Initializing create_model()
2022-01-16 20:02:42,664:INFO:create_model(estimator=lightgbm, fold=StratifiedKFold(n_splits=5, random_state=None, shuffle=False), round=4, cross_validation=True, predict=True, fit_kwargs={}, groups=None, refit=False, verbose=False, system=False, metrics=None, add_to_model_list=True, probability_threshold=None, display=<pycaret.internal.Display.Display object at 0x0000020A3AF0E7C0>, kwargs={})
2022-01-16 20:02:42,664:INFO:Checking exceptions
2022-01-16 20:02:42,664:INFO:Importing libraries
2022-01-16 20:02:42,664:INFO:Copying training dataset
2022-01-16 20:02:42,665:INFO:Defining folds
2022-01-16 20:02:42,665:INFO:Declaring metric variables
2022-01-16 20:02:42,674:INFO:Importing untrained model
2022-01-16 20:02:42,686:INFO:Light Gradient Boosting Machine Imported succesfully
2022-01-16 20:02:42,714:INFO:Starting cross validation
2022-01-16 20:02:42,715:INFO:Cross validating with StratifiedKFold(n_splits=5, random_state=None, shuffle=False), n_jobs=-1
2022-01-16 20:02:52,254:INFO:Calculating mean and std
2022-01-16 20:02:52,255:INFO:Creating metrics dataframe
2022-01-16 20:02:52,259:INFO:Uploading results into container
2022-01-16 20:02:52,259:INFO:Uploading model into container now
2022-01-16 20:02:52,259:INFO:create_model_container: 13
2022-01-16 20:02:52,259:INFO:master_model_container: 13
2022-01-16 20:02:52,259:INFO:display_container: 2
2022-01-16 20:02:52,260:INFO:LGBMClassifier(boosting_type='gbdt', class_weight=None, colsample_bytree=1.0,
               importance_type='split', learning_rate=0.1, max_depth=-1,
               min_child_samples=20, min_child_weight=0.001, min_split_gain=0.0,
               n_estimators=100, n_jobs=-1, num_leaves=31, objective=None,
               random_state=7257, reg_alpha=0.0, reg_lambda=0.0, silent='warn',
               subsample=1.0, subsample_for_bin=200000, subsample_freq=0)
2022-01-16 20:02:52,260:INFO:create_model() succesfully completed......................................
2022-01-16 20:02:52,321:INFO:SubProcess create_model() end ==================================
2022-01-16 20:02:52,321:INFO:Creating metrics dataframe
2022-01-16 20:02:52,358:INFO:Initializing Dummy Classifier
2022-01-16 20:02:52,358:INFO:Total runtime is 1.3544732014338179 minutes
2022-01-16 20:02:52,367:INFO:SubProcess create_model() called ==================================
2022-01-16 20:02:52,367:INFO:Initializing create_model()
2022-01-16 20:02:52,367:INFO:create_model(estimator=dummy, fold=StratifiedKFold(n_splits=5, random_state=None, shuffle=False), round=4, cross_validation=True, predict=True, fit_kwargs={}, groups=None, refit=False, verbose=False, system=False, metrics=None, add_to_model_list=True, probability_threshold=None, display=<pycaret.internal.Display.Display object at 0x0000020A3AF0E7C0>, kwargs={})
2022-01-16 20:02:52,368:INFO:Checking exceptions
2022-01-16 20:02:52,368:INFO:Importing libraries
2022-01-16 20:02:52,368:INFO:Copying training dataset
2022-01-16 20:02:52,369:INFO:Defining folds
2022-01-16 20:02:52,369:INFO:Declaring metric variables
2022-01-16 20:02:52,378:INFO:Importing untrained model
2022-01-16 20:02:52,387:INFO:Dummy Classifier Imported succesfully
2022-01-16 20:02:52,407:INFO:Starting cross validation
2022-01-16 20:02:52,408:INFO:Cross validating with StratifiedKFold(n_splits=5, random_state=None, shuffle=False), n_jobs=-1
2022-01-16 20:02:52,474:INFO:Calculating mean and std
2022-01-16 20:02:52,475:INFO:Creating metrics dataframe
2022-01-16 20:02:52,479:INFO:Uploading results into container
2022-01-16 20:02:52,479:INFO:Uploading model into container now
2022-01-16 20:02:52,479:INFO:create_model_container: 14
2022-01-16 20:02:52,479:INFO:master_model_container: 14
2022-01-16 20:02:52,479:INFO:display_container: 2
2022-01-16 20:02:52,480:INFO:DummyClassifier(constant=None, random_state=7257, strategy='prior')
2022-01-16 20:02:52,480:INFO:create_model() succesfully completed......................................
2022-01-16 20:02:52,541:INFO:SubProcess create_model() end ==================================
2022-01-16 20:02:52,541:INFO:Creating metrics dataframe
2022-01-16 20:02:52,585:INFO:Initializing create_model()
2022-01-16 20:02:52,585:INFO:create_model(estimator=GradientBoostingClassifier(ccp_alpha=0.0, criterion='friedman_mse', init=None,
                           learning_rate=0.1, loss='deviance', max_depth=3,
                           max_features=None, max_leaf_nodes=None,
                           min_impurity_decrease=0.0, min_impurity_split=None,
                           min_samples_leaf=1, min_samples_split=2,
                           min_weight_fraction_leaf=0.0, n_estimators=100,
                           n_iter_no_change=None, presort='deprecated',
                           random_state=7257, subsample=1.0, tol=0.0001,
                           validation_fraction=0.1, verbose=0,
                           warm_start=False), fold=StratifiedKFold(n_splits=5, random_state=None, shuffle=False), round=4, cross_validation=False, predict=False, fit_kwargs={}, groups=None, refit=True, verbose=False, system=False, metrics=None, add_to_model_list=True, probability_threshold=None, display=None, kwargs={})
2022-01-16 20:02:52,585:INFO:Checking exceptions
2022-01-16 20:02:52,585:INFO:Importing libraries
2022-01-16 20:02:52,586:INFO:Copying training dataset
2022-01-16 20:02:52,586:INFO:Defining folds
2022-01-16 20:02:52,586:INFO:Declaring metric variables
2022-01-16 20:02:52,586:INFO:Importing untrained model
2022-01-16 20:02:52,586:INFO:Declaring custom model
2022-01-16 20:02:52,587:INFO:Gradient Boosting Classifier Imported succesfully
2022-01-16 20:02:52,587:INFO:Cross validation set to False
2022-01-16 20:02:52,587:INFO:Fitting Model
2022-01-16 20:02:53,835:INFO:GradientBoostingClassifier(ccp_alpha=0.0, criterion='friedman_mse', init=None,
                           learning_rate=0.1, loss='deviance', max_depth=3,
                           max_features=None, max_leaf_nodes=None,
                           min_impurity_decrease=0.0, min_impurity_split=None,
                           min_samples_leaf=1, min_samples_split=2,
                           min_weight_fraction_leaf=0.0, n_estimators=100,
                           n_iter_no_change=None, presort='deprecated',
                           random_state=7257, subsample=1.0, tol=0.0001,
                           validation_fraction=0.1, verbose=0,
                           warm_start=False)
2022-01-16 20:02:53,835:INFO:create_models() succesfully completed......................................
2022-01-16 20:02:55,160:INFO:create_model_container: 14
2022-01-16 20:02:55,161:INFO:master_model_container: 14
2022-01-16 20:02:55,161:INFO:display_container: 2
2022-01-16 20:02:55,161:INFO:GradientBoostingClassifier(ccp_alpha=0.0, criterion='friedman_mse', init=None,
                           learning_rate=0.1, loss='deviance', max_depth=3,
                           max_features=None, max_leaf_nodes=None,
                           min_impurity_decrease=0.0, min_impurity_split=None,
                           min_samples_leaf=1, min_samples_split=2,
                           min_weight_fraction_leaf=0.0, n_estimators=100,
                           n_iter_no_change=None, presort='deprecated',
                           random_state=7257, subsample=1.0, tol=0.0001,
                           validation_fraction=0.1, verbose=0,
                           warm_start=False)
2022-01-16 20:02:55,162:INFO:compare_models() succesfully completed......................................
2022-01-16 20:05:26,766:INFO:Initializing create_model()
2022-01-16 20:05:26,766:INFO:create_model(estimator=gbc, fold=5, round=4, cross_validation=True, predict=True, fit_kwargs=None, groups=None, refit=True, verbose=True, system=True, metrics=None, add_to_model_list=True, probability_threshold=None, display=None, kwargs={})
2022-01-16 20:05:26,767:INFO:Checking exceptions
2022-01-16 20:05:26,767:INFO:Preparing display monitor
2022-01-16 20:05:26,790:INFO:Importing libraries
2022-01-16 20:05:26,790:INFO:Copying training dataset
2022-01-16 20:05:26,791:INFO:Defining folds
2022-01-16 20:05:26,791:INFO:Declaring metric variables
2022-01-16 20:05:26,802:INFO:Importing untrained model
2022-01-16 20:05:26,812:INFO:Gradient Boosting Classifier Imported succesfully
2022-01-16 20:05:26,837:INFO:Starting cross validation
2022-01-16 20:05:26,838:INFO:Cross validating with StratifiedKFold(n_splits=5, random_state=None, shuffle=False), n_jobs=-1
2022-01-16 20:05:28,141:INFO:Calculating mean and std
2022-01-16 20:05:28,142:INFO:Creating metrics dataframe
2022-01-16 20:05:28,155:INFO:Finalizing model
2022-01-16 20:05:29,282:INFO:Uploading results into container
2022-01-16 20:05:29,282:INFO:Uploading model into container now
2022-01-16 20:05:29,296:INFO:create_model_container: 15
2022-01-16 20:05:29,297:INFO:master_model_container: 15
2022-01-16 20:05:29,297:INFO:display_container: 3
2022-01-16 20:05:29,298:INFO:GradientBoostingClassifier(ccp_alpha=0.0, criterion='friedman_mse', init=None,
                           learning_rate=0.1, loss='deviance', max_depth=3,
                           max_features=None, max_leaf_nodes=None,
                           min_impurity_decrease=0.0, min_impurity_split=None,
                           min_samples_leaf=1, min_samples_split=2,
                           min_weight_fraction_leaf=0.0, n_estimators=100,
                           n_iter_no_change=None, presort='deprecated',
                           random_state=7257, subsample=1.0, tol=0.0001,
                           validation_fraction=0.1, verbose=0,
                           warm_start=False)
2022-01-16 20:05:29,298:INFO:create_model() succesfully completed......................................
2022-01-16 20:10:19,390:INFO:Initializing tune_model()
2022-01-16 20:10:19,391:INFO:tune_model(estimator=GradientBoostingClassifier(ccp_alpha=0.0, criterion='friedman_mse', init=None,
                           learning_rate=0.1, loss='deviance', max_depth=3,
                           max_features=None, max_leaf_nodes=None,
                           min_impurity_decrease=0.0, min_impurity_split=None,
                           min_samples_leaf=1, min_samples_split=2,
                           min_weight_fraction_leaf=0.0, n_estimators=100,
                           n_iter_no_change=None, presort='deprecated',
                           random_state=7257, subsample=1.0, tol=0.0001,
                           validation_fraction=0.1, verbose=0,
                           warm_start=False), fold=5, round=4, n_iter=10, custom_grid={'learning_rate': [0.1, 0.2, 0.5], 'n_estimators': [100, 500, 1000], 'min_samples_split': [1, 2, 5, 10], 'max_depth': [1, 3, 9]}, optimize=AUC, custom_scorer=None, search_library=scikit-learn, search_algorithm=None, early_stopping=False, early_stopping_max_iters=10, choose_better=False, fit_kwargs=None, groups=None, return_tuner=False, verbose=True, tuner_verbose=True, display=None, kwargs={})
2022-01-16 20:10:19,391:INFO:Checking exceptions
2022-01-16 20:10:19,393:INFO:Preparing display monitor
2022-01-16 20:10:19,413:INFO:Copying training dataset
2022-01-16 20:10:19,414:INFO:Checking base model
2022-01-16 20:10:19,414:INFO:Base model : Gradient Boosting Classifier
2022-01-16 20:10:19,424:INFO:Declaring metric variables
2022-01-16 20:10:19,432:INFO:Defining Hyperparameters
2022-01-16 20:10:19,503:INFO:custom_grid: {'actual_estimator__learning_rate': [0.1, 0.2, 0.5], 'actual_estimator__n_estimators': [100, 500, 1000], 'actual_estimator__min_samples_split': [1, 2, 5, 10], 'actual_estimator__max_depth': [1, 3, 9]}
2022-01-16 20:10:19,503:INFO:Tuning with n_jobs=-1
2022-01-16 20:10:19,504:INFO:Initializing RandomizedSearchCV
2022-01-16 20:12:10,699:INFO:best_params: {'actual_estimator__n_estimators': 100, 'actual_estimator__min_samples_split': 2, 'actual_estimator__max_depth': 3, 'actual_estimator__learning_rate': 0.1}
2022-01-16 20:12:10,700:INFO:Hyperparameter search completed
2022-01-16 20:12:10,701:INFO:SubProcess create_model() called ==================================
2022-01-16 20:12:10,702:INFO:Initializing create_model()
2022-01-16 20:12:10,702:INFO:create_model(estimator=GradientBoostingClassifier(ccp_alpha=0.0, criterion='friedman_mse', init=None,
                           learning_rate=0.1, loss='deviance', max_depth=3,
                           max_features=None, max_leaf_nodes=None,
                           min_impurity_decrease=0.0, min_impurity_split=None,
                           min_samples_leaf=1, min_samples_split=2,
                           min_weight_fraction_leaf=0.0, n_estimators=100,
                           n_iter_no_change=None, presort='deprecated',
                           random_state=7257, subsample=1.0, tol=0.0001,
                           validation_fraction=0.1, verbose=0,
                           warm_start=False), fold=StratifiedKFold(n_splits=5, random_state=None, shuffle=False), round=4, cross_validation=True, predict=True, fit_kwargs={}, groups=None, refit=True, verbose=True, system=False, metrics=None, add_to_model_list=True, probability_threshold=None, display=<pycaret.internal.Display.Display object at 0x0000020A3A956BB0>, kwargs={'n_estimators': 100, 'min_samples_split': 2, 'max_depth': 3, 'learning_rate': 0.1})
2022-01-16 20:12:10,702:INFO:Checking exceptions
2022-01-16 20:12:10,702:INFO:Importing libraries
2022-01-16 20:12:10,702:INFO:Copying training dataset
2022-01-16 20:12:10,703:INFO:Defining folds
2022-01-16 20:12:10,704:INFO:Declaring metric variables
2022-01-16 20:12:10,713:INFO:Importing untrained model
2022-01-16 20:12:10,714:INFO:Declaring custom model
2022-01-16 20:12:10,724:INFO:Gradient Boosting Classifier Imported succesfully
2022-01-16 20:12:10,744:INFO:Starting cross validation
2022-01-16 20:12:10,745:INFO:Cross validating with StratifiedKFold(n_splits=5, random_state=None, shuffle=False), n_jobs=-1
2022-01-16 20:12:12,369:INFO:Calculating mean and std
2022-01-16 20:12:12,370:INFO:Creating metrics dataframe
2022-01-16 20:12:12,385:INFO:Finalizing model
2022-01-16 20:12:13,577:INFO:Uploading results into container
2022-01-16 20:12:13,577:INFO:Uploading model into container now
2022-01-16 20:12:13,578:INFO:create_model_container: 16
2022-01-16 20:12:13,578:INFO:master_model_container: 16
2022-01-16 20:12:13,578:INFO:display_container: 4
2022-01-16 20:12:13,578:INFO:GradientBoostingClassifier(ccp_alpha=0.0, criterion='friedman_mse', init=None,
                           learning_rate=0.1, loss='deviance', max_depth=3,
                           max_features=None, max_leaf_nodes=None,
                           min_impurity_decrease=0.0, min_impurity_split=None,
                           min_samples_leaf=1, min_samples_split=2,
                           min_weight_fraction_leaf=0.0, n_estimators=100,
                           n_iter_no_change=None, presort='deprecated',
                           random_state=7257, subsample=1.0, tol=0.0001,
                           validation_fraction=0.1, verbose=0,
                           warm_start=False)
2022-01-16 20:12:13,578:INFO:create_model() succesfully completed......................................
2022-01-16 20:12:13,647:INFO:SubProcess create_model() end ==================================
2022-01-16 20:12:13,660:INFO:create_model_container: 16
2022-01-16 20:12:13,660:INFO:master_model_container: 16
2022-01-16 20:12:13,660:INFO:display_container: 4
2022-01-16 20:12:13,661:INFO:GradientBoostingClassifier(ccp_alpha=0.0, criterion='friedman_mse', init=None,
                           learning_rate=0.1, loss='deviance', max_depth=3,
                           max_features=None, max_leaf_nodes=None,
                           min_impurity_decrease=0.0, min_impurity_split=None,
                           min_samples_leaf=1, min_samples_split=2,
                           min_weight_fraction_leaf=0.0, n_estimators=100,
                           n_iter_no_change=None, presort='deprecated',
                           random_state=7257, subsample=1.0, tol=0.0001,
                           validation_fraction=0.1, verbose=0,
                           warm_start=False)
2022-01-16 20:12:13,661:INFO:tune_model() succesfully completed......................................
2022-01-16 20:13:45,863:INFO:Initializing predict_model()
2022-01-16 20:13:45,864:INFO:predict_model(estimator=GradientBoostingClassifier(ccp_alpha=0.0, criterion='friedman_mse', init=None,
                           learning_rate=0.1, loss='deviance', max_depth=3,
                           max_features=None, max_leaf_nodes=None,
                           min_impurity_decrease=0.0, min_impurity_split=None,
                           min_samples_leaf=1, min_samples_split=2,
                           min_weight_fraction_leaf=0.0, n_estimators=100,
                           n_iter_no_change=None, presort='deprecated',
                           random_state=7257, subsample=1.0, tol=0.0001,
                           validation_fraction=0.1, verbose=0,
                           warm_start=False), probability_threshold=None, encoded_labels=False, drift_report=False, raw_score=False, round=4, verbose=True, ml_usecase=MLUsecase.CLASSIFICATION, display=None)
2022-01-16 20:13:45,864:INFO:Checking exceptions
2022-01-16 20:13:45,864:INFO:Preloading libraries
2022-01-16 20:13:45,864:INFO:Preparing display monitor
2022-01-16 20:15:50,668:INFO:Initializing finalize_model()
2022-01-16 20:15:50,668:INFO:finalize_model(estimator=GradientBoostingClassifier(ccp_alpha=0.0, criterion='friedman_mse', init=None,
                           learning_rate=0.1, loss='deviance', max_depth=3,
                           max_features=None, max_leaf_nodes=None,
                           min_impurity_decrease=0.0, min_impurity_split=None,
                           min_samples_leaf=1, min_samples_split=2,
                           min_weight_fraction_leaf=0.0, n_estimators=100,
                           n_iter_no_change=None, presort='deprecated',
                           random_state=7257, subsample=1.0, tol=0.0001,
                           validation_fraction=0.1, verbose=0,
                           warm_start=False), fit_kwargs=None, groups=None, model_only=True, display=None)
2022-01-16 20:15:50,669:INFO:Finalizing GradientBoostingClassifier(ccp_alpha=0.0, criterion='friedman_mse', init=None,
                           learning_rate=0.1, loss='deviance', max_depth=3,
                           max_features=None, max_leaf_nodes=None,
                           min_impurity_decrease=0.0, min_impurity_split=None,
                           min_samples_leaf=1, min_samples_split=2,
                           min_weight_fraction_leaf=0.0, n_estimators=100,
                           n_iter_no_change=None, presort='deprecated',
                           random_state=7257, subsample=1.0, tol=0.0001,
                           validation_fraction=0.1, verbose=0,
                           warm_start=False)
2022-01-16 20:15:50,670:INFO:Initializing create_model()
2022-01-16 20:15:50,670:INFO:create_model(estimator=GradientBoostingClassifier(ccp_alpha=0.0, criterion='friedman_mse', init=None,
                           learning_rate=0.1, loss='deviance', max_depth=3,
                           max_features=None, max_leaf_nodes=None,
                           min_impurity_decrease=0.0, min_impurity_split=None,
                           min_samples_leaf=1, min_samples_split=2,
                           min_weight_fraction_leaf=0.0, n_estimators=100,
                           n_iter_no_change=None, presort='deprecated',
                           random_state=7257, subsample=1.0, tol=0.0001,
                           validation_fraction=0.1, verbose=0,
                           warm_start=False), fold=None, round=4, cross_validation=True, predict=True, fit_kwargs={}, groups=None, refit=True, verbose=False, system=False, metrics=None, add_to_model_list=False, probability_threshold=None, display=None, kwargs={})
2022-01-16 20:15:50,670:INFO:Checking exceptions
2022-01-16 20:15:50,670:INFO:Importing libraries
2022-01-16 20:15:50,671:INFO:Copying training dataset
2022-01-16 20:15:50,672:INFO:Defining folds
2022-01-16 20:15:50,672:INFO:Declaring metric variables
2022-01-16 20:15:50,672:INFO:Importing untrained model
2022-01-16 20:15:50,672:INFO:Declaring custom model
2022-01-16 20:15:50,673:INFO:Gradient Boosting Classifier Imported succesfully
2022-01-16 20:15:50,673:INFO:Starting cross validation
2022-01-16 20:15:50,674:INFO:Cross validating with StratifiedKFold(n_splits=10, random_state=None, shuffle=False), n_jobs=-1
2022-01-16 20:15:54,774:INFO:Calculating mean and std
2022-01-16 20:15:54,774:INFO:Creating metrics dataframe
2022-01-16 20:15:54,778:INFO:Finalizing model
2022-01-16 20:15:56,445:INFO:create_model_container: 16
2022-01-16 20:15:56,445:INFO:master_model_container: 16
2022-01-16 20:15:56,445:INFO:display_container: 5
2022-01-16 20:15:56,446:INFO:GradientBoostingClassifier(ccp_alpha=0.0, criterion='friedman_mse', init=None,
                           learning_rate=0.1, loss='deviance', max_depth=3,
                           max_features=None, max_leaf_nodes=None,
                           min_impurity_decrease=0.0, min_impurity_split=None,
                           min_samples_leaf=1, min_samples_split=2,
                           min_weight_fraction_leaf=0.0, n_estimators=100,
                           n_iter_no_change=None, presort='deprecated',
                           random_state=7257, subsample=1.0, tol=0.0001,
                           validation_fraction=0.1, verbose=0,
                           warm_start=False)
2022-01-16 20:15:56,446:INFO:create_model() succesfully completed......................................
2022-01-16 20:15:56,515:INFO:create_model_container: 16
2022-01-16 20:15:56,515:INFO:master_model_container: 16
2022-01-16 20:15:56,515:INFO:display_container: 4
2022-01-16 20:15:56,516:INFO:GradientBoostingClassifier(ccp_alpha=0.0, criterion='friedman_mse', init=None,
                           learning_rate=0.1, loss='deviance', max_depth=3,
                           max_features=None, max_leaf_nodes=None,
                           min_impurity_decrease=0.0, min_impurity_split=None,
                           min_samples_leaf=1, min_samples_split=2,
                           min_weight_fraction_leaf=0.0, n_estimators=100,
                           n_iter_no_change=None, presort='deprecated',
                           random_state=7257, subsample=1.0, tol=0.0001,
                           validation_fraction=0.1, verbose=0,
                           warm_start=False)
2022-01-16 20:15:56,516:INFO:finalize_model() succesfully completed......................................
2022-01-16 20:17:16,814:INFO:Initializing save_model()
2022-01-16 20:17:16,814:INFO:save_model(model=GradientBoostingClassifier(ccp_alpha=0.0, criterion='friedman_mse', init=None,
                           learning_rate=0.1, loss='deviance', max_depth=3,
                           max_features=None, max_leaf_nodes=None,
                           min_impurity_decrease=0.0, min_impurity_split=None,
                           min_samples_leaf=1, min_samples_split=2,
                           min_weight_fraction_leaf=0.0, n_estimators=100,
                           n_iter_no_change=None, presort='deprecated',
                           random_state=7257, subsample=1.0, tol=0.0001,
                           validation_fraction=0.1, verbose=0,
                           warm_start=False), model_name=model, prep_pipe_=Pipeline(memory=None,
         steps=[('dtypes',
                 DataTypes_Auto_infer(categorical_features=[],
                                      display_types=True, features_todrop=[],
                                      id_columns=[],
                                      ml_usecase='classification',
                                      numerical_features=['yearsAtCompany'],
                                      target='turnover', time_features=[])),
                ('imputer',
                 Simple_Imputer(categorical_strategy='not_available',
                                fill_value_categorical=None,
                                fill_value_numerical=...
                ('P_transform', 'passthrough'), ('binn', 'passthrough'),
                ('rem_outliers', 'passthrough'), ('cluster_all', 'passthrough'),
                ('dummy', Dummify(target='turnover')),
                ('fix_perfect', Remove_100(target='turnover')),
                ('clean_names', Clean_Colum_Names()),
                ('feature_select', 'passthrough'), ('fix_multi', 'passthrough'),
                ('dfs', 'passthrough'), ('pca', 'passthrough')],
         verbose=False), verbose=True, kwargs={})
2022-01-16 20:17:16,814:INFO:Adding model into prep_pipe
2022-01-16 20:17:17,168:INFO:model.pkl saved in current working directory
2022-01-16 20:17:17,174:INFO:Pipeline(memory=None,
         steps=[('dtypes',
                 DataTypes_Auto_infer(categorical_features=[],
                                      display_types=True, features_todrop=[],
                                      id_columns=[],
                                      ml_usecase='classification',
                                      numerical_features=['yearsAtCompany'],
                                      target='turnover', time_features=[])),
                ('imputer',
                 Simple_Imputer(categorical_strategy='not_available',
                                fill_value_categorical=None,
                                fill_value_numerical=...
                                            learning_rate=0.1, loss='deviance',
                                            max_depth=3, max_features=None,
                                            max_leaf_nodes=None,
                                            min_impurity_decrease=0.0,
                                            min_impurity_split=None,
                                            min_samples_leaf=1,
                                            min_samples_split=2,
                                            min_weight_fraction_leaf=0.0,
                                            n_estimators=100,
                                            n_iter_no_change=None,
                                            presort='deprecated',
                                            random_state=7257, subsample=1.0,
                                            tol=0.0001, validation_fraction=0.1,
                                            verbose=0, warm_start=False)]],
         verbose=False)
2022-01-16 20:17:17,174:INFO:save_model() successfully completed......................................
